<?xml version="1.0" encoding="UTF-8"?>
<!-- Generated by org.testng.reporters.JUnitReportReporter -->
<testsuite hostname="Ana-PC" name="com.test.TestSmallest" tests="4" failures="0" timestamp="27 Aug 2015 00:55:15 GMT" time="0.024" errors="0">
  <testcase name="testDuplicateNumbers" time="0.022" classname="com.test.TestSmallest"/>
  <testcase name="testNegativeNumbers" time="0.000" classname="com.test.TestSmallest"/>
  <testcase name="testPosNegNumbers" time="0.001" classname="com.test.TestSmallest"/>
  <testcase name="testPositiveNumbers" time="0.001" classname="com.test.TestSmallest"/>
</testsuite> <!-- com.test.TestSmallest -->
